<?xml version="1.0" encoding="UTF-8"?>
<testsuite name="LearningSelenium"
           tests="1"
           failures="1"
           errors="0"
           skipped="0"
           time="4.409">
    <properties></properties>

            <testcase
                name="test_State_tripura"
                time="4.409"
                classname="Assainments.Selenium27OctSVG">

            <failure type="org.openqa.selenium.ElementClickInterceptedException" message="element click intercepted: Element &lt;path cs=&quot;100,100&quot; d=&quot;M502.437,406.262L503.396,406.691L503.396,406.691L503.397,407.691L504.265,409.544L503.016,412.515L504.77,412.459L504.77,412.459L505.611,414.854L505.136,417.41L505.448,418.438L505.08,419.1L505.492,420.21L505.263,421.257L504.672,421.129L504.312,421.639L504.563,422.373L503.99,422.414L504.181,424.378L504.181,424.378L503.74,424.48L503.25,425.999L503.117,425.139L502.465,424.79L502.335,424.063L501.975,424.127L500.039,426.287L499.044,425.984L498.217,424.353L497.768,424.399L497.353,425.442L498.04,429.971L497.343,430.273L497.342,430.988L496.54,430.901L495.364,431.836L493.847,434.605L495.115,438.741L494.69,439.32L493.922,439.393L492.783,441.154L492.245,440.84L491.278,441.081L490.288,441.894L489.512,441.525L488.041,437.436L488.322,436.78L487.555,436.626L487.8,436.097L487.25,435.135L486.496,435.128L485.767,436.839L486.46,439.56L485.532,439.451L484.542,437.332L484.583,435.179L484.041,434.322L484.358,434.059L483.85,433.633L484.443,432.695L483.837,432.873L482.939,429.806L481.957,429.169L482.19,428.474L481.802,428.482L481.098,427.251L481.002,425.697L481.79,426.234L482.023,425.312L480.939,425.229L480.984,424.132L481.72,423.817L482.328,424.117L483.02,421.853L482.494,420.861L482.849,420.176L482.551,419.827L483.41,419.881L483.317,419.03L483.565,418.587L483.899,418.823L484.041,418.234L485.543,418.729L485.927,417.031L485.54,415.705L489.04,416.466L490.9,415.862L491.447,413.924L491.193,413.313L491.601,412.946L491.965,414.34L492.945,414.955L493.582,414.932L493.19,412.564L494.699,413.437L495.367,412.994L495.247,413.692L496.221,415.076L496.674,414.957L497.344,412.098L496.895,410.541L497.663,410.072L498.464,410.871L498.018,409.332L501.056,409.442L501.473,408.514L502.177,408.366L501.751,406.779L501.823,406.231z&quot; transform=&quot;translate(0,-162)&quot; stroke-width=&quot;0.6905249633789062&quot; fill=&quot;#FFFFFF&quot; fill-opacity=&quot;0.8&quot; stroke=&quot;#000000&quot; stroke-opacity=&quot;0.5&quot; class=&quot;&quot; role=&quot;menuitem&quot; aria-label=&quot;Tripura  &quot;&gt;&lt;/path&gt; is not clickable at point (1086, 14). Other element would receive the click: &lt;a href=&quot;https://www.amcharts.com/support/&quot;&gt;...&lt;/a&gt;
  (Session info: chrome=130.0.6723.71)
Build info: version: &apos;4.25.0&apos;, revision: &apos;8a8aea2337&apos;
System info: os.name: &apos;Windows 11&apos;, os.arch: &apos;amd64&apos;, os.version: &apos;10.0&apos;, java.version: &apos;21.0.1&apos;
Driver info: org.openqa.selenium.chrome.ChromeDriver
Command: [f0072c3e29368ede0d41655a69b69b5f, clickElement {id=f.62C33AA5EE91BC98D10246D79DD3A090.d.133DB8BB83074EB123A146D308E16277.e.74}]
Capabilities {acceptInsecureCerts: false, browserName: chrome, browserVersion: 130.0.6723.71, chrome: {chromedriverVersion: 130.0.6723.91 (53ac07678369..., userDataDir: C:\Users\deept\AppData\Loca...}, fedcm:accounts: true, goog:chromeOptions: {debuggerAddress: localhost:56914}, networkConnectionEnabled: false, pageLoadStrategy: normal, platformName: windows, proxy: Proxy(), se:cdp: ws://localhost:56914/devtoo..., se:cdpVersion: 130.0.6723.71, setWindowRect: true, strictFileInteractability: false, timeouts: {implicit: 0, pageLoad: 300000, script: 30000}, unhandledPromptBehavior: dismiss and notify, webauthn:extension:credBlob: true, webauthn:extension:largeBlob: true, webauthn:extension:minPinLength: true, webauthn:extension:prf: true, webauthn:virtualAuthenticators: true}
Element: [[ChromeDriver: chrome on windows (f0072c3e29368ede0d41655a69b69b5f)] -&gt; xpath: //*[local-name()=&apos;svg&apos;]/*[local-name()=&apos;g&apos;][7]/*[local-name()=&apos;g&apos;]/*[local-name()=&apos;g&apos;]/*[local-name()=&apos;path&apos;]]
Session ID: f0072c3e29368ede0d41655a69b69b5f">
                <![CDATA[org.openqa.selenium.ElementClickInterceptedException: element click intercepted: Element <path cs="100,100" d="M502.437,406.262L503.396,406.691L503.396,406.691L503.397,407.691L504.265,409.544L503.016,412.515L504.77,412.459L504.77,412.459L505.611,414.854L505.136,417.41L505.448,418.438L505.08,419.1L505.492,420.21L505.263,421.257L504.672,421.129L504.312,421.639L504.563,422.373L503.99,422.414L504.181,424.378L504.181,424.378L503.74,424.48L503.25,425.999L503.117,425.139L502.465,424.79L502.335,424.063L501.975,424.127L500.039,426.287L499.044,425.984L498.217,424.353L497.768,424.399L497.353,425.442L498.04,429.971L497.343,430.273L497.342,430.988L496.54,430.901L495.364,431.836L493.847,434.605L495.115,438.741L494.69,439.32L493.922,439.393L492.783,441.154L492.245,440.84L491.278,441.081L490.288,441.894L489.512,441.525L488.041,437.436L488.322,436.78L487.555,436.626L487.8,436.097L487.25,435.135L486.496,435.128L485.767,436.839L486.46,439.56L485.532,439.451L484.542,437.332L484.583,435.179L484.041,434.322L484.358,434.059L483.85,433.633L484.443,432.695L483.837,432.873L482.939,429.806L481.957,429.169L482.19,428.474L481.802,428.482L481.098,427.251L481.002,425.697L481.79,426.234L482.023,425.312L480.939,425.229L480.984,424.132L481.72,423.817L482.328,424.117L483.02,421.853L482.494,420.861L482.849,420.176L482.551,419.827L483.41,419.881L483.317,419.03L483.565,418.587L483.899,418.823L484.041,418.234L485.543,418.729L485.927,417.031L485.54,415.705L489.04,416.466L490.9,415.862L491.447,413.924L491.193,413.313L491.601,412.946L491.965,414.34L492.945,414.955L493.582,414.932L493.19,412.564L494.699,413.437L495.367,412.994L495.247,413.692L496.221,415.076L496.674,414.957L497.344,412.098L496.895,410.541L497.663,410.072L498.464,410.871L498.018,409.332L501.056,409.442L501.473,408.514L502.177,408.366L501.751,406.779L501.823,406.231z" transform="translate(0,-162)" stroke-width="0.6905249633789062" fill="#FFFFFF" fill-opacity="0.8" stroke="#000000" stroke-opacity="0.5" class="" role="menuitem" aria-label="Tripura  "></path> is not clickable at point (1086, 14). Other element would receive the click: <a href="https://www.amcharts.com/support/">...</a>
  (Session info: chrome=130.0.6723.71)
Build info: version: '4.25.0', revision: '8a8aea2337'
System info: os.name: 'Windows 11', os.arch: 'amd64', os.version: '10.0', java.version: '21.0.1'
Driver info: org.openqa.selenium.chrome.ChromeDriver
Command: [f0072c3e29368ede0d41655a69b69b5f, clickElement {id=f.62C33AA5EE91BC98D10246D79DD3A090.d.133DB8BB83074EB123A146D308E16277.e.74}]
Capabilities {acceptInsecureCerts: false, browserName: chrome, browserVersion: 130.0.6723.71, chrome: {chromedriverVersion: 130.0.6723.91 (53ac07678369..., userDataDir: C:\Users\deept\AppData\Loca...}, fedcm:accounts: true, goog:chromeOptions: {debuggerAddress: localhost:56914}, networkConnectionEnabled: false, pageLoadStrategy: normal, platformName: windows, proxy: Proxy(), se:cdp: ws://localhost:56914/devtoo..., se:cdpVersion: 130.0.6723.71, setWindowRect: true, strictFileInteractability: false, timeouts: {implicit: 0, pageLoad: 300000, script: 30000}, unhandledPromptBehavior: dismiss and notify, webauthn:extension:credBlob: true, webauthn:extension:largeBlob: true, webauthn:extension:minPinLength: true, webauthn:extension:prf: true, webauthn:virtualAuthenticators: true}
Element: [[ChromeDriver: chrome on windows (f0072c3e29368ede0d41655a69b69b5f)] -> xpath: //*[local-name()='svg']/*[local-name()='g'][7]/*[local-name()='g']/*[local-name()='g']/*[local-name()='path']]
Session ID: f0072c3e29368ede0d41655a69b69b5f
                java.base/jdk.internal.reflect.DirectConstructorHandleAccessor.newInstance(DirectConstructorHandleAccessor.java:62)java.base/java.lang.reflect.Constructor.newInstanceWithCaller(Constructor.java:502)java.base/java.lang.reflect.Constructor.newInstance(Constructor.java:486)org.openqa.selenium.remote.ErrorCodec.decode(ErrorCodec.java:167)org.openqa.selenium.remote.codec.w3c.W3CHttpResponseCodec.decode(W3CHttpResponseCodec.java:138)org.openqa.selenium.remote.codec.w3c.W3CHttpResponseCodec.decode(W3CHttpResponseCodec.java:50)org.openqa.selenium.remote.HttpCommandExecutor.execute(HttpCommandExecutor.java:190)org.openqa.selenium.remote.service.DriverCommandExecutor.invokeExecute(DriverCommandExecutor.java:216)org.openqa.selenium.remote.service.DriverCommandExecutor.execute(DriverCommandExecutor.java:174)org.openqa.selenium.remote.RemoteWebDriver.execute(RemoteWebDriver.java:545)org.openqa.selenium.remote.RemoteWebElement.execute(RemoteWebElement.java:223)org.openqa.selenium.remote.RemoteWebElement.click(RemoteWebElement.java:76)Assainments.Selenium27OctSVG.test_State_tripura(Selenium27OctSVG.java:56)java.base/jdk.internal.reflect.DirectMethodHandleAccessor.invoke(DirectMethodHandleAccessor.java:103)java.base/java.lang.reflect.Method.invoke(Method.java:580)org.testng.internal.invokers.MethodInvocationHelper.invokeMethod(MethodInvocationHelper.java:141)org.testng.internal.invokers.TestInvoker.invokeMethod(TestInvoker.java:686)org.testng.internal.invokers.TestInvoker.invokeTestMethod(TestInvoker.java:230)org.testng.internal.invokers.MethodRunner.runInSequence(MethodRunner.java:63)org.testng.internal.invokers.TestInvoker$MethodInvocationAgent.invoke(TestInvoker.java:992)org.testng.internal.invokers.TestInvoker.invokeTestMethods(TestInvoker.java:203)org.testng.internal.invokers.TestMethodWorker.invokeTestMethods(TestMethodWorker.java:154)org.testng.internal.invokers.TestMethodWorker.run(TestMethodWorker.java:134)java.base/java.util.ArrayList.forEach(ArrayList.java:1596)org.testng.TestRunner.privateRun(TestRunner.java:739)org.testng.TestRunner.run(TestRunner.java:614)org.testng.SuiteRunner.runTest(SuiteRunner.java:421)org.testng.SuiteRunner.runSequentially(SuiteRunner.java:413)org.testng.SuiteRunner.privateRun(SuiteRunner.java:373)org.testng.SuiteRunner.run(SuiteRunner.java:312)org.testng.SuiteRunnerWorker.runSuite(SuiteRunnerWorker.java:52)org.testng.SuiteRunnerWorker.run(SuiteRunnerWorker.java:95)org.testng.TestNG.runSuitesSequentially(TestNG.java:1274)org.testng.TestNG.runSuitesLocally(TestNG.java:1208)org.testng.TestNG.runSuites(TestNG.java:1112)org.testng.TestNG.run(TestNG.java:1079)com.intellij.rt.testng.IDEARemoteTestNG.run(IDEARemoteTestNG.java:65)com.intellij.rt.testng.RemoteTestNGStarter.main(RemoteTestNGStarter.java:105)
]]>
            </failure>
    </testcase>


</testsuite>
